<?xml version="1.0" encoding="UTF-8"?>
<coverage generated="1748363450887" clover="3.2.0">
  <project timestamp="1748363450887" name="All files">
    <metrics statements="17" coveredstatements="17" conditionals="8" coveredconditionals="8" methods="9" coveredmethods="9" elements="34" coveredelements="34" complexity="0" loc="17" ncloc="17" packages="5" files="5" classes="5"/>
    <package name="Footer">
      <metrics statements="2" coveredstatements="2" conditionals="0" coveredconditionals="0" methods="1" coveredmethods="1"/>
      <file name="Footer.jsx" path="C:\Users\DHANUNJAY\Desktop\Client\flowrhex-B\flowrhex-b\src\Component\Footer\Footer.jsx">
        <metrics statements="2" coveredstatements="2" conditionals="0" coveredconditionals="0" methods="1" coveredmethods="1"/>
        <line num="12" count="1" type="stmt"/>
        <line num="13" count="6" type="stmt"/>
      </file>
    </package>
    <package name="Home">
      <metrics statements="4" coveredstatements="4" conditionals="0" coveredconditionals="0" methods="2" coveredmethods="2"/>
      <file name="Home.jsx" path="C:\Users\DHANUNJAY\Desktop\Client\flowrhex-B\flowrhex-b\src\Component\Home\Home.jsx">
        <metrics statements="4" coveredstatements="4" conditionals="0" coveredconditionals="0" methods="2" coveredmethods="2"/>
        <line num="5" count="1" type="stmt"/>
        <line num="33" count="1" type="stmt"/>
        <line num="34" count="7" type="stmt"/>
        <line num="79" count="28" type="stmt"/>
      </file>
    </package>
    <package name="Home.FirstComponent">
      <metrics statements="3" coveredstatements="3" conditionals="8" coveredconditionals="8" methods="2" coveredmethods="2"/>
      <file name="FRHexerModels.jsx" path="C:\Users\DHANUNJAY\Desktop\Client\flowrhex-B\flowrhex-b\src\Component\Home\FirstComponent\FRHexerModels.jsx">
        <metrics statements="3" coveredstatements="3" conditionals="8" coveredconditionals="8" methods="2" coveredmethods="2"/>
        <line num="4" count="1" type="stmt"/>
        <line num="5" count="5" type="stmt"/>
        <line num="15" count="20" type="stmt"/>
      </file>
    </package>
    <package name="Home.SecondComponent">
      <metrics statements="4" coveredstatements="4" conditionals="0" coveredconditionals="0" methods="2" coveredmethods="2"/>
      <file name="SingleWindowSolution.jsx" path="C:\Users\DHANUNJAY\Desktop\Client\flowrhex-B\flowrhex-b\src\Component\Home\SecondComponent\SingleWindowSolution.jsx">
        <metrics statements="4" coveredstatements="4" conditionals="0" coveredconditionals="0" methods="2" coveredmethods="2"/>
        <line num="6" count="1" type="stmt"/>
        <line num="7" count="5" type="stmt"/>
        <line num="28" count="5" type="stmt"/>
        <line num="39" count="15" type="stmt"/>
      </file>
    </package>
    <package name="Home.StatsDisplay">
      <metrics statements="4" coveredstatements="4" conditionals="0" coveredconditionals="0" methods="2" coveredmethods="2"/>
      <file name="StatsDisplay.jsx" path="C:\Users\DHANUNJAY\Desktop\Client\flowrhex-B\flowrhex-b\src\Component\Home\StatsDisplay\StatsDisplay.jsx">
        <metrics statements="4" coveredstatements="4" conditionals="0" coveredconditionals="0" methods="2" coveredmethods="2"/>
        <line num="5" count="1" type="stmt"/>
        <line num="6" count="5" type="stmt"/>
        <line num="14" count="5" type="stmt"/>
        <line num="18" count="25" type="stmt"/>
      </file>
    </package>
  </project>
</coverage>
