{"C:\\Users\\DHANUNJAY\\Desktop\\Client\\flowrhex-B\\flowrhex-b\\src\\Component\\Footer\\Footer.jsx": {"path":"C:\\Users\\DHANUNJAY\\Desktop\\Client\\flowrhex-B\\flowrhex-b\\src\\Component\\Footer\\Footer.jsx","statementMap":{"0":{"start":{"line":12,"column":15},"end":{"line":56,"column":1}},"1":{"start":{"line":13,"column":2},"end":{"line":55,"column":4}}},"fnMap":{"0":{"name":"(anonymous_0)","decl":{"start":{"line":12,"column":15},"end":{"line":12,"column":16}},"loc":{"start":{"line":12,"column":28},"end":{"line":56,"column":1}},"line":12}},"branchMap":{},"s":{"0":1,"1":6},"f":{"0":6},"b":{},"_coverageSchema":"1a1c01bbd47fc00a2c39e90264f33305004495a9","hash":"99cd561e74cf71313476a4ca74703fb911615574"}
,"C:\\Users\\DHANUNJAY\\Desktop\\Client\\flowrhex-B\\flowrhex-b\\src\\Component\\Home\\Home.jsx": {"path":"C:\\Users\\DHANUNJAY\\Desktop\\Client\\flowrhex-B\\flowrhex-b\\src\\Component\\Home\\Home.jsx","statementMap":{"0":{"start":{"line":5,"column":17},"end":{"line":30,"column":1}},"1":{"start":{"line":33,"column":13},"end":{"line":98,"column":1}},"2":{"start":{"line":34,"column":2},"end":{"line":97,"column":4}},"3":{"start":{"line":79,"column":8},"end":{"line":89,"column":14}}},"fnMap":{"0":{"name":"(anonymous_0)","decl":{"start":{"line":33,"column":13},"end":{"line":33,"column":14}},"loc":{"start":{"line":33,"column":19},"end":{"line":98,"column":1}},"line":33},"1":{"name":"(anonymous_1)","decl":{"start":{"line":78,"column":20},"end":{"line":78,"column":21}},"loc":{"start":{"line":79,"column":8},"end":{"line":89,"column":14}},"line":79}},"branchMap":{},"s":{"0":1,"1":1,"2":7,"3":28},"f":{"0":7,"1":28},"b":{},"_coverageSchema":"1a1c01bbd47fc00a2c39e90264f33305004495a9","hash":"c02c117e72daa37fdc944367a1b58a139c46c5cb"}
,"C:\\Users\\DHANUNJAY\\Desktop\\Client\\flowrhex-B\\flowrhex-b\\src\\Component\\Home\\FirstComponent\\FRHexerModels.jsx": {"path":"C:\\Users\\DHANUNJAY\\Desktop\\Client\\flowrhex-B\\flowrhex-b\\src\\Component\\Home\\FirstComponent\\FRHexerModels.jsx","statementMap":{"0":{"start":{"line":4,"column":22},"end":{"line":45,"column":1}},"1":{"start":{"line":5,"column":2},"end":{"line":44,"column":4}},"2":{"start":{"line":15,"column":8},"end":{"line":22,"column":15}}},"fnMap":{"0":{"name":"(anonymous_0)","decl":{"start":{"line":4,"column":22},"end":{"line":4,"column":23}},"loc":{"start":{"line":4,"column":28},"end":{"line":45,"column":1}},"line":4},"1":{"name":"(anonymous_1)","decl":{"start":{"line":14,"column":68},"end":{"line":14,"column":69}},"loc":{"start":{"line":15,"column":8},"end":{"line":22,"column":15}},"line":15}},"branchMap":{"0":{"loc":{"start":{"line":18,"column":12},"end":{"line":18,"column":72}},"type":"binary-expr","locations":[{"start":{"line":18,"column":12},"end":{"line":18,"column":30}},{"start":{"line":18,"column":34},"end":{"line":18,"column":72}}],"line":18},"1":{"loc":{"start":{"line":19,"column":14},"end":{"line":19,"column":76}},"type":"binary-expr","locations":[{"start":{"line":19,"column":14},"end":{"line":19,"column":33}},{"start":{"line":19,"column":37},"end":{"line":19,"column":76}}],"line":19},"2":{"loc":{"start":{"line":20,"column":14},"end":{"line":20,"column":80}},"type":"binary-expr","locations":[{"start":{"line":20,"column":14},"end":{"line":20,"column":35}},{"start":{"line":20,"column":39},"end":{"line":20,"column":80}}],"line":20},"3":{"loc":{"start":{"line":21,"column":14},"end":{"line":21,"column":82}},"type":"binary-expr","locations":[{"start":{"line":21,"column":14},"end":{"line":21,"column":36}},{"start":{"line":21,"column":40},"end":{"line":21,"column":82}}],"line":21}},"s":{"0":1,"1":5,"2":20},"f":{"0":5,"1":20},"b":{"0":[20,5],"1":[20,5],"2":[20,5],"3":[20,5]},"_coverageSchema":"1a1c01bbd47fc00a2c39e90264f33305004495a9","hash":"bc1d9bb6d617d3d9e9ef8472185a35a642d56f98"}
,"C:\\Users\\DHANUNJAY\\Desktop\\Client\\flowrhex-B\\flowrhex-b\\src\\Component\\Home\\SecondComponent\\SingleWindowSolution.jsx": {"path":"C:\\Users\\DHANUNJAY\\Desktop\\Client\\flowrhex-B\\flowrhex-b\\src\\Component\\Home\\SecondComponent\\SingleWindowSolution.jsx","statementMap":{"0":{"start":{"line":6,"column":29},"end":{"line":56,"column":1}},"1":{"start":{"line":7,"column":16},"end":{"line":26,"column":3}},"2":{"start":{"line":28,"column":2},"end":{"line":55,"column":4}},"3":{"start":{"line":39,"column":10},"end":{"line":51,"column":16}}},"fnMap":{"0":{"name":"(anonymous_0)","decl":{"start":{"line":6,"column":29},"end":{"line":6,"column":30}},"loc":{"start":{"line":6,"column":35},"end":{"line":56,"column":1}},"line":6},"1":{"name":"(anonymous_1)","decl":{"start":{"line":38,"column":19},"end":{"line":38,"column":20}},"loc":{"start":{"line":39,"column":10},"end":{"line":51,"column":16}},"line":39}},"branchMap":{},"s":{"0":1,"1":5,"2":5,"3":15},"f":{"0":5,"1":15},"b":{},"_coverageSchema":"1a1c01bbd47fc00a2c39e90264f33305004495a9","hash":"dc02b80986c04b56dd45513b7bc5ad70ee7e8d51"}
,"C:\\Users\\DHANUNJAY\\Desktop\\Client\\flowrhex-B\\flowrhex-b\\src\\Component\\Home\\StatsDisplay\\StatsDisplay.jsx": {"path":"C:\\Users\\DHANUNJAY\\Desktop\\Client\\flowrhex-B\\flowrhex-b\\src\\Component\\Home\\StatsDisplay\\StatsDisplay.jsx","statementMap":{"0":{"start":{"line":5,"column":21},"end":{"line":26,"column":1}},"1":{"start":{"line":6,"column":16},"end":{"line":12,"column":3}},"2":{"start":{"line":14,"column":2},"end":{"line":25,"column":4}},"3":{"start":{"line":18,"column":10},"end":{"line":21,"column":16}}},"fnMap":{"0":{"name":"(anonymous_0)","decl":{"start":{"line":5,"column":21},"end":{"line":5,"column":22}},"loc":{"start":{"line":5,"column":27},"end":{"line":26,"column":1}},"line":5},"1":{"name":"(anonymous_1)","decl":{"start":{"line":17,"column":19},"end":{"line":17,"column":20}},"loc":{"start":{"line":18,"column":10},"end":{"line":21,"column":16}},"line":18}},"branchMap":{},"s":{"0":1,"1":5,"2":5,"3":25},"f":{"0":5,"1":25},"b":{},"_coverageSchema":"1a1c01bbd47fc00a2c39e90264f33305004495a9","hash":"2429a5e439a3771a42b4a72ea93fbc7cf11813d7"}
}
