TN:
SF:src\Component\Footer\Footer.jsx
FN:12,(anonymous_0)
FNF:1
FNH:1
FNDA:6,(anonymous_0)
DA:12,1
DA:13,6
LF:2
LH:2
BRF:0
BRH:0
end_of_record
TN:
SF:src\Component\Home\Home.jsx
FN:33,(anonymous_0)
FN:78,(anonymous_1)
FNF:2
FNH:2
FNDA:7,(anonymous_0)
FNDA:28,(anonymous_1)
DA:5,1
DA:33,1
DA:34,7
DA:79,28
LF:4
LH:4
BRF:0
BRH:0
end_of_record
TN:
SF:src\Component\Home\FirstComponent\FRHexerModels.jsx
FN:4,(anonymous_0)
FN:14,(anonymous_1)
FNF:2
FNH:2
FNDA:5,(anonymous_0)
FNDA:20,(anonymous_1)
DA:4,1
DA:5,5
DA:15,20
LF:3
LH:3
BRDA:18,0,0,20
BRDA:18,0,1,5
BRDA:19,1,0,20
BRDA:19,1,1,5
BRDA:20,2,0,20
BRDA:20,2,1,5
BRDA:21,3,0,20
BRDA:21,3,1,5
BRF:8
BRH:8
end_of_record
TN:
SF:src\Component\Home\SecondComponent\SingleWindowSolution.jsx
FN:6,(anonymous_0)
FN:38,(anonymous_1)
FNF:2
FNH:2
FNDA:5,(anonymous_0)
FNDA:15,(anonymous_1)
DA:6,1
DA:7,5
DA:28,5
DA:39,15
LF:4
LH:4
BRF:0
BRH:0
end_of_record
TN:
SF:src\Component\Home\StatsDisplay\StatsDisplay.jsx
FN:5,(anonymous_0)
FN:17,(anonymous_1)
FNF:2
FNH:2
FNDA:5,(anonymous_0)
FNDA:25,(anonymous_1)
DA:5,1
DA:6,5
DA:14,5
DA:18,25
LF:4
LH:4
BRF:0
BRH:0
end_of_record
